<?xml version="1.0" encoding="UTF-8"?>
<!-- Generated by org.testng.reporters.JUnitXMLReporter -->
<testsuite ignored="0" hostname="LAPTOP-4ESBI8TK" failures="0" tests="9" name="Test" time="32.637" errors="0" timestamp="24 Feb 2024 09:27:33 GMT">
  <testcase classname="org.execute.TestingClass" name="tc01" time="1.689"/>
  <testcase classname="org.execute.TestingClass" name="tc02" time="4.417"/>
  <testcase classname="org.execute.TestingClass" name="tc03" time="1.795"/>
  <testcase classname="org.execute.TestingClass" name="tc04" time="0.134"/>
  <testcase classname="org.execute.TestingClass" name="tc05" time="20.206"/>
  <testcase classname="org.execute.TestingClass" name="tc06" time="1.097"/>
  <testcase classname="org.execute.TestingClass" name="tc07" time="1.088"/>
  <testcase classname="org.execute.TestingClass" name="tc08" time="1.104"/>
  <testcase classname="org.execute.TestingClass" name="tc09" time="1.082"/>
</testsuite> <!-- Test -->
