<?xml version="1.0" encoding="UTF-8"?>
<testng-results ignored="0" total="9" passed="9" failed="0" skipped="0">
  <reporter-output>
  </reporter-output>
  <suite started-at="2024-03-15T04:51:38Z" name="Default suite" finished-at="2024-03-15T04:51:57Z" duration-ms="18451">
    <groups>
    </groups>
    <test started-at="2024-03-15T04:51:38Z" name="Default test" finished-at="2024-03-15T04:51:57Z" duration-ms="18451">
      <class name="org.execute.TestingClass">
        <test-method signature="tc01()[pri:0, instance:org.execute.TestingClass@1c481ff2]" started-at="2024-03-15T04:51:38Z" name="tc01" finished-at="2024-03-15T04:51:42Z" duration-ms="3941" status="PASS">
          <reporter-output>
          </reporter-output>
        </test-method> <!-- tc01 -->
        <test-method signature="tc02()[pri:0, instance:org.execute.TestingClass@1c481ff2]" started-at="2024-03-15T04:51:42Z" name="tc02" finished-at="2024-03-15T04:51:46Z" duration-ms="4095" status="PASS">
          <reporter-output>
          </reporter-output>
        </test-method> <!-- tc02 -->
        <test-method signature="tc03()[pri:0, instance:org.execute.TestingClass@1c481ff2]" started-at="2024-03-15T04:51:46Z" name="tc03" finished-at="2024-03-15T04:51:49Z" duration-ms="2487" status="PASS">
          <reporter-output>
          </reporter-output>
        </test-method> <!-- tc03 -->
        <test-method signature="tc04()[pri:0, instance:org.execute.TestingClass@1c481ff2]" started-at="2024-03-15T04:51:49Z" name="tc04" finished-at="2024-03-15T04:51:49Z" duration-ms="391" status="PASS">
          <reporter-output>
          </reporter-output>
        </test-method> <!-- tc04 -->
        <test-method signature="tc05()[pri:0, instance:org.execute.TestingClass@1c481ff2]" started-at="2024-03-15T04:51:49Z" name="tc05" finished-at="2024-03-15T04:51:57Z" duration-ms="7470" status="PASS">
          <reporter-output>
          </reporter-output>
        </test-method> <!-- tc05 -->
        <test-method signature="tc06()[pri:0, instance:org.execute.TestingClass@1c481ff2]" started-at="2024-03-15T04:51:57Z" name="tc06" finished-at="2024-03-15T04:51:57Z" duration-ms="6" status="PASS">
          <reporter-output>
          </reporter-output>
        </test-method> <!-- tc06 -->
        <test-method signature="tc07()[pri:0, instance:org.execute.TestingClass@1c481ff2]" started-at="2024-03-15T04:51:57Z" name="tc07" finished-at="2024-03-15T04:51:57Z" duration-ms="15" status="PASS">
          <reporter-output>
          </reporter-output>
        </test-method> <!-- tc07 -->
        <test-method signature="tc08()[pri:0, instance:org.execute.TestingClass@1c481ff2]" started-at="2024-03-15T04:51:57Z" name="tc08" finished-at="2024-03-15T04:51:57Z" duration-ms="12" status="PASS">
          <reporter-output>
          </reporter-output>
        </test-method> <!-- tc08 -->
        <test-method signature="tc09()[pri:0, instance:org.execute.TestingClass@1c481ff2]" started-at="2024-03-15T04:51:57Z" name="tc09" finished-at="2024-03-15T04:51:57Z" duration-ms="7" status="PASS">
          <reporter-output>
          </reporter-output>
        </test-method> <!-- tc09 -->
      </class> <!-- org.execute.TestingClass -->
    </test> <!-- Default test -->
  </suite> <!-- Default suite -->
</testng-results>
